INFO:  latexindent version 4.0.1, 2026-05-04, a script to indent .tex files
       latexindent lives here: /Users/odeschenes/Library/TinyTeX/texmf-dist/scripts/latexindent/
       Sun May 24 01:28:44 2026
       Filename: /Users/odeschenes/Library/CloudStorage/OneDrive-NorwegianSchoolofEconomics/thesis-latex/__latexindent_temp_main.tex
INFO:  Processing switches:
       -y|--yaml: YAML settings specified via command line
       -c|--cruft: cruft directory
INFO:  Directory for backup files and log file /Users/odeschenes/Library/CloudStorage/OneDrive-NorwegianSchoolofEconomics/thesis-latex/indent.log:
       /Users/odeschenes/Library/CloudStorage/OneDrive-NorwegianSchoolofEconomics/thesis-latex/
INFO:  YAML settings read: defaultSettings.yaml
       Reading defaultSettings.yaml from /Users/odeschenes/Library/TinyTeX/texmf-dist/scripts/latexindent/defaultSettings.yaml
INFO:  YAML reading settings
       Home directory is /Users/odeschenes
       latexindent.pl didn't find indentconfig.yaml or .indentconfig.yaml
       see all possible locations: https://latexindentpl.readthedocs.io/en/latest/sec-appendices.html#indentconfig-options
INFO:  YAML settings read: -y switch
       YAML setting: defaultIndent:'  '
       single-quoted string found in -y switch: '  ', substitute to   
       Updating mainSetting with defaultIndent:   
INFO:  Output routine:
       Not outputting to file; see -w and -o switches for more options.
       --------------
INFO:  Please direct all communication/issues to:
       https://github.com/cmhughes/latexindent.pl
       documentation: https://latexindentpl.readthedocs.io/en/latest/
