\BOOKMARK [1][-]{section.1}{\376\377\000A\000c\000k\000n\000o\000w\000l\000e\000d\000g\000e\000m\000e\000n\000t\000s}{}% 1
\BOOKMARK [1][-]{section.2}{\376\377\000L\000i\000c\000e\000n\000c\000e\000s\000\040\000a\000n\000d\000\040\000A\000t\000t\000r\000i\000b\000u\000t\000i\000o\000n\000s}{}% 2
\BOOKMARK [1][-]{section.3}{\376\377\000A\000b\000s\000t\000r\000a\000c\000t}{}% 3
\BOOKMARK [1][-]{section.4}{\376\377\000I\000n\000t\000r\000o\000d\000u\000c\000t\000i\000o\000n}{}% 4
\BOOKMARK [2][-]{subsection.4.1}{\376\377\000P\000r\000o\000b\000l\000e\000m\000\040\000D\000e\000s\000c\000r\000i\000p\000t\000i\000o\000n}{section.4}% 5
\BOOKMARK [2][-]{subsection.4.2}{\376\377\000R\000e\000s\000e\000a\000r\000c\000h\000\040\000Q\000u\000e\000s\000t\000i\000o\000n}{section.4}% 6
\BOOKMARK [2][-]{subsection.4.3}{\376\377\000S\000c\000o\000p\000e}{section.4}% 7
\BOOKMARK [2][-]{subsection.4.4}{\376\377\000T\000h\000e\000s\000i\000s\000\040\000S\000t\000r\000u\000c\000t\000u\000r\000e}{section.4}% 8
\BOOKMARK [1][-]{section.5}{\376\377\000B\000a\000c\000k\000g\000r\000o\000u\000n\000d}{}% 9
\BOOKMARK [2][-]{subsection.5.1}{\376\377\000U\000r\000b\000a\000n\000\040\000P\000a\000r\000c\000e\000l\000\040\000D\000e\000l\000i\000v\000e\000r\000y\000\040\000a\000n\000d\000\040\000L\000a\000s\000t\000-\000M\000i\000l\000e\000\040\000L\000o\000g\000i\000s\000t\000i\000c\000s}{section.5}% 10
\BOOKMARK [2][-]{subsection.5.2}{\376\377\000B\000e\000r\000g\000e\000n\000\040\000a\000s\000\040\000a\000\040\000C\000o\000n\000s\000t\000r\000a\000i\000n\000e\000d\000\040\000L\000o\000g\000i\000s\000t\000i\000c\000s\000\040\000E\000n\000v\000i\000r\000o\000n\000m\000e\000n\000t}{section.5}% 11
\BOOKMARK [2][-]{subsection.5.3}{\376\377\000B\000e\000r\000g\000e\000n\000\040\000a\000s\000\040\000a\000\040\000T\000e\000s\000t\000b\000e\000d\000\040\000f\000o\000r\000\040\000Z\000e\000r\000o\000-\000E\000m\000i\000s\000s\000i\000o\000n\000\040\000U\000r\000b\000a\000n\000\040\000M\000o\000b\000i\000l\000i\000t\000y}{section.5}% 12
\BOOKMARK [2][-]{subsection.5.4}{\376\377\000W\000a\000t\000e\000r\000b\000o\000r\000n\000e\000\040\000T\000r\000a\000n\000s\000p\000o\000r\000t\000\040\000a\000s\000\040\000a\000n\000\040\000U\000r\000b\000a\000n\000\040\000F\000r\000e\000i\000g\000h\000t\000\040\000A\000l\000t\000e\000r\000n\000a\000t\000i\000v\000e}{section.5}% 13
\BOOKMARK [2][-]{subsection.5.5}{\376\377\000B\000e\000r\000g\000e\000n\000\040\000W\000a\000t\000e\000r\000w\000a\000y\000\040\000S\000p\000e\000e\000d\000\040\000R\000e\000s\000t\000r\000i\000c\000t\000i\000o\000n\000s}{section.5}% 14
\BOOKMARK [1][-]{section.6}{\376\377\000T\000h\000e\000o\000r\000y}{}% 15
\BOOKMARK [2][-]{subsection.6.1}{\376\377\000F\000a\000c\000i\000l\000i\000t\000y\000\040\000L\000o\000c\000a\000t\000i\000o\000n\000\040\000P\000r\000o\000b\000l\000e\000m\000s}{section.6}% 16
\BOOKMARK [2][-]{subsection.6.2}{\376\377\000V\000e\000h\000i\000c\000l\000e\000\040\000R\000o\000u\000t\000i\000n\000g\000\040\000P\000r\000o\000b\000l\000e\000m}{section.6}% 17
\BOOKMARK [2][-]{subsection.6.3}{\376\377\000V\000e\000h\000i\000c\000l\000e\000\040\000S\000c\000h\000e\000d\000u\000l\000i\000n\000g\000\040\000P\000r\000o\000b\000l\000e\000m}{section.6}% 18
\BOOKMARK [1][-]{section.7}{\376\377\000D\000a\000t\000a\000\040\000a\000n\000d\000\040\000O\000p\000e\000r\000a\000t\000i\000o\000n\000a\000l\000\040\000C\000o\000n\000s\000t\000r\000a\000i\000n\000t\000s}{}% 19
\BOOKMARK [2][-]{subsection.7.1}{\376\377\000W\000a\000l\000k\000i\000n\000g\000\040\000N\000e\000t\000w\000o\000r\000k\000\040\000o\000f\000\040\000B\000e\000r\000g\000e\000n}{section.7}% 20
\BOOKMARK [2][-]{subsection.7.2}{\376\377\000P\000o\000p\000u\000l\000a\000t\000i\000o\000n\000\040\000a\000n\000d\000\040\000H\000o\000u\000s\000e\000h\000o\000l\000d\000\040\000D\000a\000t\000a}{section.7}% 21
\BOOKMARK [2][-]{subsection.7.3}{\376\377\000C\000a\000n\000d\000i\000d\000a\000t\000e\000\040\000P\000o\000r\000t\000s}{section.7}% 22
\BOOKMARK [2][-]{subsection.7.4}{\376\377\000D\000i\000s\000t\000a\000n\000c\000e\000\040\000a\000n\000d\000\040\000T\000r\000a\000v\000e\000l\000\040\000T\000i\000m\000e\000\040\000D\000a\000t\000a}{section.7}% 23
\BOOKMARK [2][-]{subsection.7.5}{\376\377\000P\000o\000s\000t\000N\000o\000r\000d\000\040\000P\000a\000r\000c\000e\000l\000\040\000D\000e\000m\000a\000n\000d\000\040\000D\000a\000t\000a}{section.7}% 24
\BOOKMARK [2][-]{subsection.7.6}{\376\377\000D\000i\000s\000a\000g\000g\000r\000e\000g\000a\000t\000i\000n\000g\000\040\000W\000e\000e\000k\000l\000y\000\040\000D\000e\000m\000a\000n\000d\000\040\000i\000n\000t\000o\000\040\000D\000a\000i\000l\000y\000\040\000D\000e\000m\000a\000n\000d}{section.7}% 25
\BOOKMARK [2][-]{subsection.7.7}{\376\377\000D\000i\000s\000a\000g\000g\000r\000e\000g\000a\000t\000i\000n\000g\000\040\000P\000o\000s\000t\000a\000l\000\040\000C\000o\000d\000e\000\040\000D\000e\000m\000a\000n\000d\000\040\000i\000n\000t\000o\000\040\000H\000o\000u\000s\000e\000h\000o\000l\000d\000\040\000D\000e\000m\000a\000n\000d}{section.7}% 26
\BOOKMARK [2][-]{subsection.7.8}{\376\377\000D\000e\000p\000o\000t\000\040\000L\000o\000c\000a\000t\000i\000o\000n}{section.7}% 27
\BOOKMARK [2][-]{subsection.7.9}{\376\377\000O\000p\000e\000r\000a\000t\000i\000o\000n\000a\000l\000\040\000C\000o\000n\000s\000t\000r\000a\000i\000n\000t\000s}{section.7}% 28
\BOOKMARK [3][-]{subsubsection.7.9.1}{\376\377\000B\000o\000a\000t\000\040\000M\000a\000x\000i\000m\000u\000m\000\040\000C\000a\000p\000a\000c\000i\000t\000y\000\040\000a\000n\000d\000\040\000S\000p\000e\000e\000d}{subsection.7.9}% 29
\BOOKMARK [3][-]{subsubsection.7.9.2}{\376\377\000C\000r\000e\000w\000\040\000S\000i\000z\000e}{subsection.7.9}% 30
\BOOKMARK [3][-]{subsubsection.7.9.3}{\376\377\000M\000a\000n\000o\000e\000u\000v\000r\000i\000n\000g\000\040\000T\000i\000m\000e}{subsection.7.9}% 31
\BOOKMARK [3][-]{subsubsection.7.9.4}{\376\377\000D\000i\000s\000c\000h\000a\000r\000g\000e\000\040\000T\000i\000m\000e}{subsection.7.9}% 32
\BOOKMARK [3][-]{subsubsection.7.9.5}{\376\377\000O\000p\000e\000r\000a\000t\000i\000n\000g\000\040\000H\000o\000u\000r\000s}{subsection.7.9}% 33
\BOOKMARK [1][-]{section.8}{\376\377\000M\000e\000t\000h\000o\000d\000o\000l\000o\000g\000y}{}% 34
\BOOKMARK [2][-]{subsection.8.1}{\376\377\000P\000o\000r\000t\000\040\000S\000e\000l\000e\000c\000t\000i\000o\000n\000\040\000M\000o\000d\000e\000l}{section.8}% 35
\BOOKMARK [3][-]{subsubsection.8.1.1}{\376\377\000W\000a\000l\000k\000i\000n\000g\000\040\000T\000h\000r\000e\000s\000h\000o\000l\000d\000s}{subsection.8.1}% 36
\BOOKMARK [3][-]{subsubsection.8.1.2}{\376\377\000C\000o\000v\000e\000r\000a\000g\000e\000\040\000P\000e\000r\000c\000e\000n\000t\000a\000g\000e\000s}{subsection.8.1}% 37
\BOOKMARK [3][-]{subsubsection.8.1.3}{\376\377\000P\000a\000r\000t\000i\000a\000l\000\040\000S\000e\000t\000\040\000C\000o\000v\000e\000r\000i\000n\000g\000\040\000L\000o\000c\000a\000t\000i\000o\000n\000\040\000P\000r\000o\000b\000l\000e\000m}{subsection.8.1}% 38
\BOOKMARK [3][-]{subsubsection.8.1.4}{\376\377\000M\000o\000d\000e\000l\000\040\000I\000m\000p\000l\000e\000m\000e\000n\000t\000a\000t\000i\000o\000n}{subsection.8.1}% 39
\BOOKMARK [3][-]{subsubsection.8.1.5}{\376\377\000S\000c\000e\000n\000a\000r\000i\000o\000\040\000S\000e\000l\000e\000c\000t\000i\000o\000n}{subsection.8.1}% 40
\BOOKMARK [2][-]{subsection.8.2}{\376\377\000B\000o\000a\000t\000\040\000R\000o\000u\000t\000i\000n\000g\000\040\000M\000o\000d\000e\000l\000s}{section.8}% 41
\BOOKMARK [3][-]{subsubsection.8.2.1}{\376\377\000D\000e\000m\000a\000n\000d\000\040\000A\000l\000l\000o\000c\000a\000t\000i\000o\000n\000\040\000t\000o\000\040\000S\000e\000l\000e\000c\000t\000e\000d\000\040\000P\000o\000r\000t\000s}{subsection.8.2}% 42
\BOOKMARK [3][-]{subsubsection.8.2.2}{\376\377\000P\000o\000r\000t\000\040\000D\000i\000s\000t\000a\000n\000c\000e\000\040\000M\000a\000t\000r\000i\000x}{subsection.8.2}% 43
\BOOKMARK [3][-]{subsubsection.8.2.3}{\376\377\000D\000e\000m\000a\000n\000d\000\040\000S\000c\000e\000n\000a\000r\000i\000o\000s}{subsection.8.2}% 44
\BOOKMARK [3][-]{subsubsection.8.2.4}{\376\377\000M\000o\000d\000e\000l\000\040\000I\000m\000p\000l\000e\000m\000e\000n\000t\000a\000t\000i\000o\000n}{subsection.8.2}% 45
\BOOKMARK [2][-]{subsection.8.3}{\376\377\000B\000o\000a\000t\000\040\000S\000c\000h\000e\000d\000u\000l\000i\000n\000g\000\040\000M\000o\000d\000e\000l}{section.8}% 46
\BOOKMARK [1][-]{section.9}{\376\377\000R\000e\000s\000u\000l\000t\000s\000\040\000a\000n\000d\000\040\000D\000i\000s\000c\000u\000s\000s\000i\000o\000n}{}% 47
\BOOKMARK [2][-]{subsection.9.1}{\376\377\000W\000a\000l\000k\000i\000n\000g\000\040\000T\000h\000r\000e\000s\000h\000o\000l\000d\000s}{section.9}% 48
\BOOKMARK [2][-]{subsection.9.2}{\376\377\000P\000o\000r\000t\000\040\000L\000o\000c\000a\000t\000i\000o\000n\000s}{section.9}% 49
\BOOKMARK [2][-]{subsection.9.3}{\376\377\000D\000e\000m\000a\000n\000d\000\040\000S\000c\000e\000n\000a\000r\000i\000o\000s}{section.9}% 50
\BOOKMARK [2][-]{subsection.9.4}{\376\377\000P\000o\000r\000t\000\040\000D\000e\000m\000a\000n\000d\000s}{section.9}% 51
\BOOKMARK [2][-]{subsection.9.5}{\376\377\000B\000o\000a\000t\000\040\000R\000o\000u\000t\000i\000n\000g}{section.9}% 52
\BOOKMARK [3][-]{subsubsection.9.5.1}{\376\377\000P\000o\000r\000t\000\040\000D\000i\000s\000t\000a\000n\000c\000e\000s}{subsection.9.5}% 53
\BOOKMARK [3][-]{subsubsection.9.5.2}{\376\377\000T\000o\000t\000a\000l\000\040\000N\000u\000m\000b\000e\000r\000\040\000o\000f\000\040\000R\000o\000u\000t\000e\000s}{subsection.9.5}% 54
\BOOKMARK [3][-]{subsubsection.9.5.3}{\376\377\000T\000o\000t\000a\000l\000\040\000R\000o\000u\000t\000e\000\040\000D\000u\000r\000a\000t\000i\000o\000n}{subsection.9.5}% 55
\BOOKMARK [3][-]{subsubsection.9.5.4}{\376\377\000T\000o\000t\000a\000l\000\040\000R\000o\000u\000t\000e\000\040\000D\000i\000s\000t\000a\000n\000c\000e\000s}{subsection.9.5}% 56
\BOOKMARK [2][-]{subsection.9.6}{\376\377\000B\000o\000a\000t\000\040\000S\000c\000h\000e\000d\000u\000l\000i\000n\000g}{section.9}% 57
\BOOKMARK [3][-]{subsubsection.9.6.1}{\376\377\000B\000o\000a\000t\000s\000\040\000N\000e\000e\000d\000e\000d}{subsection.9.6}% 58
\BOOKMARK [3][-]{subsubsection.9.6.2}{\376\377\000E\000m\000p\000l\000o\000y\000e\000e\000s\000\040\000N\000e\000e\000d\000e\000d}{subsection.9.6}% 59
\BOOKMARK [2][-]{subsection.9.7}{\376\377\000S\000u\000m\000m\000a\000r\000y\000\040\000o\000f\000\040\000R\000e\000s\000u\000l\000t\000s}{section.9}% 60
\BOOKMARK [1][-]{section.10}{\376\377\000C\000o\000n\000c\000l\000u\000s\000i\000o\000n}{}% 61
\BOOKMARK [2][-]{subsection.10.1}{\376\377\000A\000n\000s\000w\000e\000r\000\040\000t\000o\000\040\000t\000h\000e\000\040\000R\000e\000s\000e\000a\000r\000c\000h\000\040\000Q\000u\000e\000s\000t\000i\000o\000n}{section.10}% 62
\BOOKMARK [2][-]{subsection.10.2}{\376\377\000F\000u\000r\000t\000h\000e\000r\000\040\000R\000e\000s\000e\000a\000r\000c\000h}{section.10}% 63
\BOOKMARK [1][-]{section.A}{\376\377\000A\000p\000p\000e\000n\000d\000i\000x}{}% 64
\BOOKMARK [2][-]{subsection.A.1}{\376\377\000P\000o\000p\000u\000l\000a\000t\000i\000o\000n}{section.A}% 65
\BOOKMARK [2][-]{subsection.A.2}{\376\377\000P\000o\000r\000t\000s}{section.A}% 66
\BOOKMARK [2][-]{subsection.A.3}{\376\377\000D\000e\000m\000a\000n\000d}{section.A}% 67
\BOOKMARK [2][-]{subsection.A.4}{\376\377\000R\000e\000s\000u\000l\000t\000s}{section.A}% 68
